  Wed, 06 Jan 2021 15:58:15  INFO CommonBase.py wait_eleVisible [ line:46 ] 等待元素 ('xpath', '//*[@id="btn_smartlogin"]') 可见.
  Wed, 06 Jan 2021 15:58:15  INFO CommonBase.py wait_eleVisible [ line:56 ] 开始等待时间点：2021-01-06 15:58:15.782861，结束等待时间点：2021-01-06 15:58:15.807414，等待时长为：0:00:00.024553
  Wed, 06 Jan 2021 15:58:15  INFO CommonBase.py get_element [ line:88 ] 查找中的元素('xpath', '//*[@id="btn_smartlogin"]')
  Wed, 06 Jan 2021 15:58:15  INFO CommonBase.py click_element [ line:110 ] 点击元素 ('xpath', '//*[@id="btn_smartlogin"]')
  Wed, 06 Jan 2021 15:58:18  INFO CommonBase.py wait_eleVisible [ line:46 ] 等待元素 ('xpath', '//span[contains(text(), "开启新世界")]') 可见.
  Wed, 06 Jan 2021 15:58:18  INFO CommonBase.py wait_eleVisible [ line:56 ] 开始等待时间点：2021-01-06 15:58:18.080987，结束等待时间点：2021-01-06 15:58:18.122406，等待时长为：0:00:00.041419
  Wed, 06 Jan 2021 15:58:18  INFO CommonBase.py get_element [ line:88 ] 查找中的元素('xpath', '//span[contains(text(), "开启新世界")]')
  Wed, 06 Jan 2021 15:58:18  INFO CommonBase.py click_element [ line:110 ] 点击元素 ('xpath', '//span[contains(text(), "开启新世界")]')
  Wed, 06 Jan 2021 15:58:20  INFO CommonBase.py wait_eleExists [ line:67 ] 等待元素('xpath', '//button[contains(text(), "关闭")]')存在。
  Wed, 06 Jan 2021 15:58:20  INFO CommonBase.py wait_eleExists [ line:78 ] 开始等待时间：2021-01-06 15:58:20.844383，结束等待时间点：2021-01-06 15:58:20.854173，等待时长为：0:00:00.009790
  Wed, 06 Jan 2021 15:58:20  INFO CommonBase.py wait_eleVisible [ line:46 ] 等待元素 ('xpath', '//button[contains(text(), "关闭")]') 可见.
  Wed, 06 Jan 2021 15:58:20  INFO CommonBase.py wait_eleVisible [ line:56 ] 开始等待时间点：2021-01-06 15:58:20.854473，结束等待时间点：2021-01-06 15:58:20.874961，等待时长为：0:00:00.020488
  Wed, 06 Jan 2021 15:58:20  INFO CommonBase.py get_element [ line:88 ] 查找中的元素('xpath', '//button[contains(text(), "关闭")]')
  Wed, 06 Jan 2021 15:58:20  INFO CommonBase.py click_element [ line:110 ] 点击元素 ('xpath', '//button[contains(text(), "关闭")]')
  Wed, 06 Jan 2021 15:58:20  INFO CommonBase.py wait_eleVisible [ line:46 ] 等待元素 ('xpath', '//span[contains(text(), "项目")]') 可见.
  Wed, 06 Jan 2021 15:58:20  INFO CommonBase.py wait_eleVisible [ line:56 ] 开始等待时间点：2021-01-06 15:58:20.917346，结束等待时间点：2021-01-06 15:58:20.937869，等待时长为：0:00:00.020523
  Wed, 06 Jan 2021 15:58:20  INFO CommonBase.py get_element [ line:88 ] 查找中的元素('xpath', '//span[contains(text(), "项目")]')
  Wed, 06 Jan 2021 15:58:20  INFO CommonBase.py click_element [ line:110 ] 点击元素 ('xpath', '//span[contains(text(), "项目")]')
  Wed, 06 Jan 2021 15:58:21  INFO CommonBase.py wait_eleExists [ line:67 ] 等待元素('xpath', '//button[contains(text(), "关闭")]')存在。
  Wed, 06 Jan 2021 15:58:22  INFO CommonBase.py wait_eleExists [ line:78 ] 开始等待时间：2021-01-06 15:58:21.751879，结束等待时间点：2021-01-06 15:58:22.121799，等待时长为：0:00:00.369920
  Wed, 06 Jan 2021 15:58:22  INFO CommonBase.py wait_eleVisible [ line:46 ] 等待元素 ('xpath', '//button[contains(text(), "关闭")]') 可见.
  Wed, 06 Jan 2021 15:58:22  INFO CommonBase.py wait_eleVisible [ line:56 ] 开始等待时间点：2021-01-06 15:58:22.122022，结束等待时间点：2021-01-06 15:58:22.137858，等待时长为：0:00:00.015836
  Wed, 06 Jan 2021 15:58:22  INFO CommonBase.py get_element [ line:88 ] 查找中的元素('xpath', '//button[contains(text(), "关闭")]')
  Wed, 06 Jan 2021 15:58:22  INFO CommonBase.py click_element [ line:110 ] 点击元素 ('xpath', '//button[contains(text(), "关闭")]')
  Wed, 06 Jan 2021 15:58:27  INFO CommonBase.py wait_eleVisible [ line:46 ] 等待元素 ('xpath', '//span[contains(text(), "项目")]') 可见.
  Wed, 06 Jan 2021 15:58:27  INFO CommonBase.py wait_eleVisible [ line:56 ] 开始等待时间点：2021-01-06 15:58:27.181252，结束等待时间点：2021-01-06 15:58:27.196058，等待时长为：0:00:00.014806
  Wed, 06 Jan 2021 15:58:27  INFO CommonBase.py get_element [ line:88 ] 查找中的元素('xpath', '//span[contains(text(), "项目")]')
  Wed, 06 Jan 2021 15:58:27  INFO CommonBase.py click_element [ line:110 ] 点击元素 ('xpath', '//span[contains(text(), "项目")]')
  Wed, 06 Jan 2021 15:58:30  INFO CommonBase.py wait_eleVisible [ line:46 ] 等待元素 ('xpath', '//input[@placeholder="搜索项目"]') 可见.
  Wed, 06 Jan 2021 15:58:30  INFO CommonBase.py wait_eleVisible [ line:56 ] 开始等待时间点：2021-01-06 15:58:30.560796，结束等待时间点：2021-01-06 15:58:30.581091，等待时长为：0:00:00.020295
  Wed, 06 Jan 2021 15:58:30  INFO CommonBase.py get_element [ line:88 ] 查找中的元素('xpath', '//input[@placeholder="搜索项目"]')
  Wed, 06 Jan 2021 15:58:30  INFO CommonBase.py input_text [ line:153 ]  给元素('xpath', '//input[@placeholder="搜索项目"]')输入文本内容：pycharm自动化项目
  Wed, 06 Jan 2021 15:58:32  INFO CommonBase.py wait_eleVisible [ line:46 ] 等待元素 ('xpath', '//span[contains(text(), "查询")]') 可见.
  Wed, 06 Jan 2021 15:58:32  INFO CommonBase.py wait_eleVisible [ line:56 ] 开始等待时间点：2021-01-06 15:58:32.903516，结束等待时间点：2021-01-06 15:58:32.921845，等待时长为：0:00:00.018329
  Wed, 06 Jan 2021 15:58:32  INFO CommonBase.py get_element [ line:88 ] 查找中的元素('xpath', '//span[contains(text(), "查询")]')
  Wed, 06 Jan 2021 15:58:32  INFO CommonBase.py click_element [ line:110 ] 点击元素 ('xpath', '//span[contains(text(), "查询")]')
  Wed, 06 Jan 2021 15:58:32  INFO CommonBase.py wait_eleVisible [ line:46 ] 等待元素 ['xpath', '//div[@class="list card-border-radius basic-box-shadow"]//descendant::a[contains(text(), "pycharm自动化项目")]'] 可见.
  Wed, 06 Jan 2021 15:58:33  INFO CommonBase.py wait_eleVisible [ line:56 ] 开始等待时间点：2021-01-06 15:58:32.971210，结束等待时间点：2021-01-06 15:58:33.011256，等待时长为：0:00:00.040046
  Wed, 06 Jan 2021 15:58:33  INFO CommonBase.py get_element [ line:88 ] 查找中的元素['xpath', '//div[@class="list card-border-radius basic-box-shadow"]//descendant::a[contains(text(), "pycharm自动化项目")]']
  Wed, 06 Jan 2021 15:58:33  INFO CommonBase.py click_element [ line:110 ] 点击元素 ['xpath', '//div[@class="list card-border-radius basic-box-shadow"]//descendant::a[contains(text(), "pycharm自动化项目")]']
  Wed, 06 Jan 2021 15:58:33  INFO CommonBase.py wait_eleExists [ line:67 ] 等待元素('xpath', '//button[contains(text(), "关闭")]')存在。
  Wed, 06 Jan 2021 15:58:33  INFO CommonBase.py wait_eleExists [ line:78 ] 开始等待时间：2021-01-06 15:58:33.831922，结束等待时间点：2021-01-06 15:58:33.836757，等待时长为：0:00:00.004835
  Wed, 06 Jan 2021 15:58:33  INFO CommonBase.py wait_eleVisible [ line:46 ] 等待元素 ('xpath', '//button[contains(text(), "关闭")]') 可见.
  Wed, 06 Jan 2021 15:58:33  INFO CommonBase.py wait_eleVisible [ line:56 ] 开始等待时间点：2021-01-06 15:58:33.836963，结束等待时间点：2021-01-06 15:58:33.849020，等待时长为：0:00:00.012057
  Wed, 06 Jan 2021 15:58:33  INFO CommonBase.py get_element [ line:88 ] 查找中的元素('xpath', '//button[contains(text(), "关闭")]')
  Wed, 06 Jan 2021 15:58:33  INFO CommonBase.py click_element [ line:110 ] 点击元素 ('xpath', '//button[contains(text(), "关闭")]')
