  Mon, 04 Jan 2021 21:22:25  INFO CommonBase.py wait_eleVisible [ line:46 ] 等待元素 ('xpath', '//*[@id="btn_smartlogin"]') 可见.
  Mon, 04 Jan 2021 21:22:25  INFO CommonBase.py wait_eleVisible [ line:56 ] 开始等待时间点：2021-01-04 21:22:25.712339，结束等待时间点：2021-01-04 21:22:25.736660，等待时长为：0:00:00.024321
  Mon, 04 Jan 2021 21:22:25  INFO CommonBase.py get_element [ line:88 ] 查找中的元素('xpath', '//*[@id="btn_smartlogin"]')
  Mon, 04 Jan 2021 21:22:25  INFO CommonBase.py click_element [ line:110 ] 点击元素 ('xpath', '//*[@id="btn_smartlogin"]')
  Mon, 04 Jan 2021 21:22:27  INFO CommonBase.py wait_eleVisible [ line:46 ] 等待元素 ('xpath', '//span[contains(text(), "开启新世界")]') 可见.
  Mon, 04 Jan 2021 21:22:27  INFO CommonBase.py wait_eleVisible [ line:56 ] 开始等待时间点：2021-01-04 21:22:27.130884，结束等待时间点：2021-01-04 21:22:27.703819，等待时长为：0:00:00.572935
  Mon, 04 Jan 2021 21:22:27  INFO CommonBase.py get_element [ line:88 ] 查找中的元素('xpath', '//span[contains(text(), "开启新世界")]')
  Mon, 04 Jan 2021 21:22:27  INFO CommonBase.py click_element [ line:110 ] 点击元素 ('xpath', '//span[contains(text(), "开启新世界")]')
  Mon, 04 Jan 2021 21:22:30  INFO CommonBase.py wait_eleExists [ line:67 ] 等待元素('xpath', '//button[contains(text(), "关闭")]')存在。
  Mon, 04 Jan 2021 21:22:30  INFO CommonBase.py wait_eleExists [ line:78 ] 开始等待时间：2021-01-04 21:22:30.126628，结束等待时间点：2021-01-04 21:22:30.136965，等待时长为：0:00:00.010337
  Mon, 04 Jan 2021 21:22:30  INFO CommonBase.py wait_eleVisible [ line:46 ] 等待元素 ('xpath', '//button[contains(text(), "关闭")]') 可见.
  Mon, 04 Jan 2021 21:22:30  INFO CommonBase.py wait_eleVisible [ line:56 ] 开始等待时间点：2021-01-04 21:22:30.137211，结束等待时间点：2021-01-04 21:22:30.153085，等待时长为：0:00:00.015874
  Mon, 04 Jan 2021 21:22:30  INFO CommonBase.py get_element [ line:88 ] 查找中的元素('xpath', '//button[contains(text(), "关闭")]')
  Mon, 04 Jan 2021 21:22:30  INFO CommonBase.py click_element [ line:110 ] 点击元素 ('xpath', '//button[contains(text(), "关闭")]')
  Mon, 04 Jan 2021 21:22:30  INFO CommonBase.py wait_eleVisible [ line:46 ] 等待元素 ('xpath', '//span[contains(text(), "项目")]') 可见.
  Mon, 04 Jan 2021 21:22:30  INFO CommonBase.py wait_eleVisible [ line:56 ] 开始等待时间点：2021-01-04 21:22:30.197628，结束等待时间点：2021-01-04 21:22:30.216804，等待时长为：0:00:00.019176
  Mon, 04 Jan 2021 21:22:30  INFO CommonBase.py get_element [ line:88 ] 查找中的元素('xpath', '//span[contains(text(), "项目")]')
  Mon, 04 Jan 2021 21:22:30  INFO CommonBase.py click_element [ line:110 ] 点击元素 ('xpath', '//span[contains(text(), "项目")]')
  Mon, 04 Jan 2021 21:22:31  INFO CommonBase.py wait_eleExists [ line:67 ] 等待元素('xpath', '//button[contains(text(), "关闭")]')存在。
  Mon, 04 Jan 2021 21:22:31  INFO CommonBase.py wait_eleExists [ line:78 ] 开始等待时间：2021-01-04 21:22:31.078572，结束等待时间点：2021-01-04 21:22:31.446116，等待时长为：0:00:00.367544
  Mon, 04 Jan 2021 21:22:31  INFO CommonBase.py wait_eleVisible [ line:46 ] 等待元素 ('xpath', '//button[contains(text(), "关闭")]') 可见.
  Mon, 04 Jan 2021 21:22:31  INFO CommonBase.py wait_eleVisible [ line:56 ] 开始等待时间点：2021-01-04 21:22:31.446370，结束等待时间点：2021-01-04 21:22:31.459629，等待时长为：0:00:00.013259
  Mon, 04 Jan 2021 21:22:31  INFO CommonBase.py get_element [ line:88 ] 查找中的元素('xpath', '//button[contains(text(), "关闭")]')
  Mon, 04 Jan 2021 21:22:31  INFO CommonBase.py click_element [ line:110 ] 点击元素 ('xpath', '//button[contains(text(), "关闭")]')
  Mon, 04 Jan 2021 21:22:36  INFO CommonBase.py wait_eleVisible [ line:46 ] 等待元素 ('xpath', '//span[contains(text(), "项目")]') 可见.
  Mon, 04 Jan 2021 21:22:36  INFO CommonBase.py wait_eleVisible [ line:56 ] 开始等待时间点：2021-01-04 21:22:36.511899，结束等待时间点：2021-01-04 21:22:36.526969，等待时长为：0:00:00.015070
  Mon, 04 Jan 2021 21:22:36  INFO CommonBase.py get_element [ line:88 ] 查找中的元素('xpath', '//span[contains(text(), "项目")]')
  Mon, 04 Jan 2021 21:22:36  INFO CommonBase.py click_element [ line:110 ] 点击元素 ('xpath', '//span[contains(text(), "项目")]')
  Mon, 04 Jan 2021 21:22:40  INFO CommonBase.py wait_eleVisible [ line:46 ] 等待元素 ('xpath', '//input[@placeholder="搜索项目"]') 可见.
  Mon, 04 Jan 2021 21:22:40  INFO CommonBase.py wait_eleVisible [ line:56 ] 开始等待时间点：2021-01-04 21:22:40.064285，结束等待时间点：2021-01-04 21:22:40.085914，等待时长为：0:00:00.021629
  Mon, 04 Jan 2021 21:22:40  INFO CommonBase.py get_element [ line:88 ] 查找中的元素('xpath', '//input[@placeholder="搜索项目"]')
  Mon, 04 Jan 2021 21:22:40  INFO CommonBase.py input_text [ line:153 ]  给元素('xpath', '//input[@placeholder="搜索项目"]')输入文本内容：pycharm自动化项目
  Mon, 04 Jan 2021 21:22:42  INFO CommonBase.py wait_eleVisible [ line:46 ] 等待元素 ('xpath', '//span[contains(text(), "查询")]') 可见.
  Mon, 04 Jan 2021 21:22:42  INFO CommonBase.py wait_eleVisible [ line:56 ] 开始等待时间点：2021-01-04 21:22:42.382501，结束等待时间点：2021-01-04 21:22:42.400302，等待时长为：0:00:00.017801
  Mon, 04 Jan 2021 21:22:42  INFO CommonBase.py get_element [ line:88 ] 查找中的元素('xpath', '//span[contains(text(), "查询")]')
  Mon, 04 Jan 2021 21:22:42  INFO CommonBase.py click_element [ line:110 ] 点击元素 ('xpath', '//span[contains(text(), "查询")]')
  Mon, 04 Jan 2021 21:22:42  INFO CommonBase.py wait_eleVisible [ line:46 ] 等待元素 ['xpath', '//div[@class="list card-border-radius basic-box-shadow"]//descendant::a[contains(text(), "pycharm自动化项目")]'] 可见.
  Mon, 04 Jan 2021 21:22:42  INFO CommonBase.py wait_eleVisible [ line:56 ] 开始等待时间点：2021-01-04 21:22:42.466014，结束等待时间点：2021-01-04 21:22:42.483887，等待时长为：0:00:00.017873
  Mon, 04 Jan 2021 21:22:42  INFO CommonBase.py get_element [ line:88 ] 查找中的元素['xpath', '//div[@class="list card-border-radius basic-box-shadow"]//descendant::a[contains(text(), "pycharm自动化项目")]']
  Mon, 04 Jan 2021 21:22:42  INFO CommonBase.py click_element [ line:110 ] 点击元素 ['xpath', '//div[@class="list card-border-radius basic-box-shadow"]//descendant::a[contains(text(), "pycharm自动化项目")]']
  Mon, 04 Jan 2021 21:22:43  INFO CommonBase.py wait_eleExists [ line:67 ] 等待元素('xpath', '//button[contains(text(), "关闭")]')存在。
  Mon, 04 Jan 2021 21:22:43  INFO CommonBase.py wait_eleExists [ line:78 ] 开始等待时间：2021-01-04 21:22:43.690032，结束等待时间点：2021-01-04 21:22:43.706025，等待时长为：0:00:00.015993
  Mon, 04 Jan 2021 21:22:43  INFO CommonBase.py wait_eleVisible [ line:46 ] 等待元素 ('xpath', '//button[contains(text(), "关闭")]') 可见.
  Mon, 04 Jan 2021 21:22:43  INFO CommonBase.py wait_eleVisible [ line:56 ] 开始等待时间点：2021-01-04 21:22:43.706264，结束等待时间点：2021-01-04 21:22:43.721498，等待时长为：0:00:00.015234
  Mon, 04 Jan 2021 21:22:43  INFO CommonBase.py get_element [ line:88 ] 查找中的元素('xpath', '//button[contains(text(), "关闭")]')
  Mon, 04 Jan 2021 21:22:43  INFO CommonBase.py click_element [ line:110 ] 点击元素 ('xpath', '//button[contains(text(), "关闭")]')
